The system is: Linux - 4.15.0-45-generic - x86_64
Compiling the C compiler identification source file "CMakeCCompilerId.c" succeeded.
Compiler: /home/quasi/usr/bin/gcc 
Build flags: 
Id flags:  

The output was:
0


Compilation of the C compiler identification source "CMakeCCompilerId.c" produced "a.out"

The C compiler identification is GNU, found in "/home/quasi/BME_Image_Processing/Homework2/build/CMakeFiles/3.14.0/CompilerIdC/a.out"

Compiling the CXX compiler identification source file "CMakeCXXCompilerId.cpp" succeeded.
Compiler: /home/quasi/usr/bin/g++ 
Build flags: 
Id flags:  

The output was:
0


Compilation of the CXX compiler identification source "CMakeCXXCompilerId.cpp" produced "a.out"

The CXX compiler identification is GNU, found in "/home/quasi/BME_Image_Processing/Homework2/build/CMakeFiles/3.14.0/CompilerIdCXX/a.out"

Determining if the C compiler works passed with the following output:
Change Dir: /home/quasi/BME_Image_Processing/Homework2/build/CMakeFiles/CMakeTmp

Run Build Command(s):/usr/bin/make cmTC_1ed21/fast 
/usr/bin/make -f CMakeFiles/cmTC_1ed21.dir/build.make CMakeFiles/cmTC_1ed21.dir/build
make[1]: Entering directory '/home/quasi/BME_Image_Processing/Homework2/build/CMakeFiles/CMakeTmp'
Building C object CMakeFiles/cmTC_1ed21.dir/testCCompiler.c.o
/home/quasi/usr/bin/gcc    -o CMakeFiles/cmTC_1ed21.dir/testCCompiler.c.o   -c /home/quasi/BME_Image_Processing/Homework2/build/CMakeFiles/CMakeTmp/testCCompiler.c
Linking C executable cmTC_1ed21
/usr/local/bin/cmake -E cmake_link_script CMakeFiles/cmTC_1ed21.dir/link.txt --verbose=1
/home/quasi/usr/bin/gcc      CMakeFiles/cmTC_1ed21.dir/testCCompiler.c.o  -o cmTC_1ed21 
make[1]: Leaving directory '/home/quasi/BME_Image_Processing/Homework2/build/CMakeFiles/CMakeTmp'


Detecting C compiler ABI info compiled with the following output:
Change Dir: /home/quasi/BME_Image_Processing/Homework2/build/CMakeFiles/CMakeTmp

Run Build Command(s):/usr/bin/make cmTC_6c3ee/fast 
/usr/bin/make -f CMakeFiles/cmTC_6c3ee.dir/build.make CMakeFiles/cmTC_6c3ee.dir/build
make[1]: Entering directory '/home/quasi/BME_Image_Processing/Homework2/build/CMakeFiles/CMakeTmp'
Building C object CMakeFiles/cmTC_6c3ee.dir/CMakeCCompilerABI.c.o
/home/quasi/usr/bin/gcc   -v -o CMakeFiles/cmTC_6c3ee.dir/CMakeCCompilerABI.c.o   -c /usr/local/share/cmake-3.14/Modules/CMakeCCompilerABI.c
Using built-in specs.
COLLECT_GCC=/home/quasi/usr/bin/gcc
Target: x86_64-pc-linux-gnu
Configured with: ../configure --enable-checking=release --enable-languages=c,c++ --disable-multilib --enable-bootstrap --prefix=/home/quasi/usr
Thread model: posix
gcc version 8.3.0 (GCC) 
COLLECT_GCC_OPTIONS='-v' '-o' 'CMakeFiles/cmTC_6c3ee.dir/CMakeCCompilerABI.c.o' '-c' '-mtune=generic' '-march=x86-64'
 /home/quasi/usr/libexec/gcc/x86_64-pc-linux-gnu/8.3.0/cc1 -quiet -v -imultiarch x86_64-linux-gnu /usr/local/share/cmake-3.14/Modules/CMakeCCompilerABI.c -quiet -dumpbase CMakeCCompilerABI.c -mtune=generic -march=x86-64 -auxbase-strip CMakeFiles/cmTC_6c3ee.dir/CMakeCCompilerABI.c.o -version -o /tmp/cc6phgdZ.s
GNU C17 (GCC) version 8.3.0 (x86_64-pc-linux-gnu)
	compiled by GNU C version 8.3.0, GMP version 6.1.0, MPFR version 3.1.4, MPC version 1.0.3, isl version isl-0.18-GMP

GGC heuristics: --param ggc-min-expand=100 --param ggc-min-heapsize=131072
ignoring nonexistent directory "/usr/local/include/x86_64-linux-gnu"
ignoring nonexistent directory "/home/quasi/usr/lib/gcc/x86_64-pc-linux-gnu/8.3.0/../../../../x86_64-pc-linux-gnu/include"
#include "..." search starts here:
#include <...> search starts here:
 /home/quasi/usr/lib/gcc/x86_64-pc-linux-gnu/8.3.0/include
 /usr/local/include
 /home/quasi/usr/include
 /home/quasi/usr/lib/gcc/x86_64-pc-linux-gnu/8.3.0/include-fixed
 /usr/include/x86_64-linux-gnu
 /usr/include
End of search list.
GNU C17 (GCC) version 8.3.0 (x86_64-pc-linux-gnu)
	compiled by GNU C version 8.3.0, GMP version 6.1.0, MPFR version 3.1.4, MPC version 1.0.3, isl version isl-0.18-GMP

GGC heuristics: --param ggc-min-expand=100 --param ggc-min-heapsize=131072
Compiler executable checksum: ef5f7adbbc517708017a1733645cf17d
COLLECT_GCC_OPTIONS='-v' '-o' 'CMakeFiles/cmTC_6c3ee.dir/CMakeCCompilerABI.c.o' '-c' '-mtune=generic' '-march=x86-64'
 as -v --64 -o CMakeFiles/cmTC_6c3ee.dir/CMakeCCompilerABI.c.o /tmp/cc6phgdZ.s
GNU assembler version 2.26.1 (x86_64-linux-gnu) using BFD version (GNU Binutils for Ubuntu) 2.26.1
COMPILER_PATH=/home/quasi/usr/libexec/gcc/x86_64-pc-linux-gnu/8.3.0/:/home/quasi/usr/libexec/gcc/x86_64-pc-linux-gnu/8.3.0/:/home/quasi/usr/libexec/gcc/x86_64-pc-linux-gnu/:/home/quasi/usr/lib/gcc/x86_64-pc-linux-gnu/8.3.0/:/home/quasi/usr/lib/gcc/x86_64-pc-linux-gnu/
LIBRARY_PATH=/home/quasi/usr/lib/gcc/x86_64-pc-linux-gnu/8.3.0/:/home/quasi/usr/lib/gcc/x86_64-pc-linux-gnu/8.3.0/../../../../lib64/:/lib/x86_64-linux-gnu/:/lib/../lib64/:/usr/lib/x86_64-linux-gnu/:/usr/lib/../lib64/:/home/quasi/usr/lib/gcc/x86_64-pc-linux-gnu/8.3.0/../../../:/lib/:/usr/lib/
COLLECT_GCC_OPTIONS='-v' '-o' 'CMakeFiles/cmTC_6c3ee.dir/CMakeCCompilerABI.c.o' '-c' '-mtune=generic' '-march=x86-64'
Linking C executable cmTC_6c3ee
/usr/local/bin/cmake -E cmake_link_script CMakeFiles/cmTC_6c3ee.dir/link.txt --verbose=1
/home/quasi/usr/bin/gcc     -v CMakeFiles/cmTC_6c3ee.dir/CMakeCCompilerABI.c.o  -o cmTC_6c3ee 
Using built-in specs.
COLLECT_GCC=/home/quasi/usr/bin/gcc
COLLECT_LTO_WRAPPER=/home/quasi/usr/libexec/gcc/x86_64-pc-linux-gnu/8.3.0/lto-wrapper
Target: x86_64-pc-linux-gnu
Configured with: ../configure --enable-checking=release --enable-languages=c,c++ --disable-multilib --enable-bootstrap --prefix=/home/quasi/usr
Thread model: posix
gcc version 8.3.0 (GCC) 
COMPILER_PATH=/home/quasi/usr/libexec/gcc/x86_64-pc-linux-gnu/8.3.0/:/home/quasi/usr/libexec/gcc/x86_64-pc-linux-gnu/8.3.0/:/home/quasi/usr/libexec/gcc/x86_64-pc-linux-gnu/:/home/quasi/usr/lib/gcc/x86_64-pc-linux-gnu/8.3.0/:/home/quasi/usr/lib/gcc/x86_64-pc-linux-gnu/
LIBRARY_PATH=/home/quasi/usr/lib/gcc/x86_64-pc-linux-gnu/8.3.0/:/home/quasi/usr/lib/gcc/x86_64-pc-linux-gnu/8.3.0/../../../../lib64/:/lib/x86_64-linux-gnu/:/lib/../lib64/:/usr/lib/x86_64-linux-gnu/:/usr/lib/../lib64/:/home/quasi/usr/lib/gcc/x86_64-pc-linux-gnu/8.3.0/../../../:/lib/:/usr/lib/
COLLECT_GCC_OPTIONS='-v' '-o' 'cmTC_6c3ee' '-mtune=generic' '-march=x86-64'
 /home/quasi/usr/libexec/gcc/x86_64-pc-linux-gnu/8.3.0/collect2 -plugin /home/quasi/usr/libexec/gcc/x86_64-pc-linux-gnu/8.3.0/liblto_plugin.so -plugin-opt=/home/quasi/usr/libexec/gcc/x86_64-pc-linux-gnu/8.3.0/lto-wrapper -plugin-opt=-fresolution=/tmp/ccgtuiFX.res -plugin-opt=-pass-through=-lgcc -plugin-opt=-pass-through=-lgcc_s -plugin-opt=-pass-through=-lc -plugin-opt=-pass-through=-lgcc -plugin-opt=-pass-through=-lgcc_s --eh-frame-hdr -m elf_x86_64 -dynamic-linker /lib64/ld-linux-x86-64.so.2 -o cmTC_6c3ee /usr/lib/x86_64-linux-gnu/crt1.o /usr/lib/x86_64-linux-gnu/crti.o /home/quasi/usr/lib/gcc/x86_64-pc-linux-gnu/8.3.0/crtbegin.o -L/home/quasi/usr/lib/gcc/x86_64-pc-linux-gnu/8.3.0 -L/home/quasi/usr/lib/gcc/x86_64-pc-linux-gnu/8.3.0/../../../../lib64 -L/lib/x86_64-linux-gnu -L/lib/../lib64 -L/usr/lib/x86_64-linux-gnu -L/usr/lib/../lib64 -L/home/quasi/usr/lib/gcc/x86_64-pc-linux-gnu/8.3.0/../../.. CMakeFiles/cmTC_6c3ee.dir/CMakeCCompilerABI.c.o -lgcc --as-needed -lgcc_s --no-as-needed -lc -lgcc --as-needed -lgcc_s --no-as-needed /home/quasi/usr/lib/gcc/x86_64-pc-linux-gnu/8.3.0/crtend.o /usr/lib/x86_64-linux-gnu/crtn.o
COLLECT_GCC_OPTIONS='-v' '-o' 'cmTC_6c3ee' '-mtune=generic' '-march=x86-64'
make[1]: Leaving directory '/home/quasi/BME_Image_Processing/Homework2/build/CMakeFiles/CMakeTmp'


Parsed C implicit include dir info from above output: rv=done
  found start of include info
  found start of implicit include info
    add: [/home/quasi/usr/lib/gcc/x86_64-pc-linux-gnu/8.3.0/include]
    add: [/usr/local/include]
    add: [/home/quasi/usr/include]
    add: [/home/quasi/usr/lib/gcc/x86_64-pc-linux-gnu/8.3.0/include-fixed]
    add: [/usr/include/x86_64-linux-gnu]
    add: [/usr/include]
  end of search list found
  implicit include dirs: [/home/quasi/usr/lib/gcc/x86_64-pc-linux-gnu/8.3.0/include;/usr/local/include;/home/quasi/usr/include;/home/quasi/usr/lib/gcc/x86_64-pc-linux-gnu/8.3.0/include-fixed;/usr/include/x86_64-linux-gnu;/usr/include]


Parsed C implicit link information from above output:
  link line regex: [^( *|.*[/\])(ld|CMAKE_LINK_STARTFILE-NOTFOUND|([^/\]+-)?ld|collect2)[^/\]*( |$)]
  ignore line: [Change Dir: /home/quasi/BME_Image_Processing/Homework2/build/CMakeFiles/CMakeTmp]
  ignore line: []
  ignore line: [Run Build Command(s):/usr/bin/make cmTC_6c3ee/fast ]
  ignore line: [/usr/bin/make -f CMakeFiles/cmTC_6c3ee.dir/build.make CMakeFiles/cmTC_6c3ee.dir/build]
  ignore line: [make[1]: Entering directory '/home/quasi/BME_Image_Processing/Homework2/build/CMakeFiles/CMakeTmp']
  ignore line: [Building C object CMakeFiles/cmTC_6c3ee.dir/CMakeCCompilerABI.c.o]
  ignore line: [/home/quasi/usr/bin/gcc   -v -o CMakeFiles/cmTC_6c3ee.dir/CMakeCCompilerABI.c.o   -c /usr/local/share/cmake-3.14/Modules/CMakeCCompilerABI.c]
  ignore line: [Using built-in specs.]
  ignore line: [COLLECT_GCC=/home/quasi/usr/bin/gcc]
  ignore line: [Target: x86_64-pc-linux-gnu]
  ignore line: [Configured with: ../configure --enable-checking=release --enable-languages=c,c++ --disable-multilib --enable-bootstrap --prefix=/home/quasi/usr]
  ignore line: [Thread model: posix]
  ignore line: [gcc version 8.3.0 (GCC) ]
  ignore line: [COLLECT_GCC_OPTIONS='-v' '-o' 'CMakeFiles/cmTC_6c3ee.dir/CMakeCCompilerABI.c.o' '-c' '-mtune=generic' '-march=x86-64']
  ignore line: [ /home/quasi/usr/libexec/gcc/x86_64-pc-linux-gnu/8.3.0/cc1 -quiet -v -imultiarch x86_64-linux-gnu /usr/local/share/cmake-3.14/Modules/CMakeCCompilerABI.c -quiet -dumpbase CMakeCCompilerABI.c -mtune=generic -march=x86-64 -auxbase-strip CMakeFiles/cmTC_6c3ee.dir/CMakeCCompilerABI.c.o -version -o /tmp/cc6phgdZ.s]
  ignore line: [GNU C17 (GCC) version 8.3.0 (x86_64-pc-linux-gnu)]
  ignore line: [	compiled by GNU C version 8.3.0, GMP version 6.1.0, MPFR version 3.1.4, MPC version 1.0.3, isl version isl-0.18-GMP]
  ignore line: []
  ignore line: [GGC heuristics: --param ggc-min-expand=100 --param ggc-min-heapsize=131072]
  ignore line: [ignoring nonexistent directory "/usr/local/include/x86_64-linux-gnu"]
  ignore line: [ignoring nonexistent directory "/home/quasi/usr/lib/gcc/x86_64-pc-linux-gnu/8.3.0/../../../../x86_64-pc-linux-gnu/include"]
  ignore line: [#include "..." search starts here:]
  ignore line: [#include <...> search starts here:]
  ignore line: [ /home/quasi/usr/lib/gcc/x86_64-pc-linux-gnu/8.3.0/include]
  ignore line: [ /usr/local/include]
  ignore line: [ /home/quasi/usr/include]
  ignore line: [ /home/quasi/usr/lib/gcc/x86_64-pc-linux-gnu/8.3.0/include-fixed]
  ignore line: [ /usr/include/x86_64-linux-gnu]
  ignore line: [ /usr/include]
  ignore line: [End of search list.]
  ignore line: [GNU C17 (GCC) version 8.3.0 (x86_64-pc-linux-gnu)]
  ignore line: [	compiled by GNU C version 8.3.0, GMP version 6.1.0, MPFR version 3.1.4, MPC version 1.0.3, isl version isl-0.18-GMP]
  ignore line: []
  ignore line: [GGC heuristics: --param ggc-min-expand=100 --param ggc-min-heapsize=131072]
  ignore line: [Compiler executable checksum: ef5f7adbbc517708017a1733645cf17d]
  ignore line: [COLLECT_GCC_OPTIONS='-v' '-o' 'CMakeFiles/cmTC_6c3ee.dir/CMakeCCompilerABI.c.o' '-c' '-mtune=generic' '-march=x86-64']
  ignore line: [ as -v --64 -o CMakeFiles/cmTC_6c3ee.dir/CMakeCCompilerABI.c.o /tmp/cc6phgdZ.s]
  ignore line: [GNU assembler version 2.26.1 (x86_64-linux-gnu) using BFD version (GNU Binutils for Ubuntu) 2.26.1]
  ignore line: [COMPILER_PATH=/home/quasi/usr/libexec/gcc/x86_64-pc-linux-gnu/8.3.0/:/home/quasi/usr/libexec/gcc/x86_64-pc-linux-gnu/8.3.0/:/home/quasi/usr/libexec/gcc/x86_64-pc-linux-gnu/:/home/quasi/usr/lib/gcc/x86_64-pc-linux-gnu/8.3.0/:/home/quasi/usr/lib/gcc/x86_64-pc-linux-gnu/]
  ignore line: [LIBRARY_PATH=/home/quasi/usr/lib/gcc/x86_64-pc-linux-gnu/8.3.0/:/home/quasi/usr/lib/gcc/x86_64-pc-linux-gnu/8.3.0/../../../../lib64/:/lib/x86_64-linux-gnu/:/lib/../lib64/:/usr/lib/x86_64-linux-gnu/:/usr/lib/../lib64/:/home/quasi/usr/lib/gcc/x86_64-pc-linux-gnu/8.3.0/../../../:/lib/:/usr/lib/]
  ignore line: [COLLECT_GCC_OPTIONS='-v' '-o' 'CMakeFiles/cmTC_6c3ee.dir/CMakeCCompilerABI.c.o' '-c' '-mtune=generic' '-march=x86-64']
  ignore line: [Linking C executable cmTC_6c3ee]
  ignore line: [/usr/local/bin/cmake -E cmake_link_script CMakeFiles/cmTC_6c3ee.dir/link.txt --verbose=1]
  ignore line: [/home/quasi/usr/bin/gcc     -v CMakeFiles/cmTC_6c3ee.dir/CMakeCCompilerABI.c.o  -o cmTC_6c3ee ]
  ignore line: [Using built-in specs.]
  ignore line: [COLLECT_GCC=/home/quasi/usr/bin/gcc]
  ignore line: [COLLECT_LTO_WRAPPER=/home/quasi/usr/libexec/gcc/x86_64-pc-linux-gnu/8.3.0/lto-wrapper]
  ignore line: [Target: x86_64-pc-linux-gnu]
  ignore line: [Configured with: ../configure --enable-checking=release --enable-languages=c,c++ --disable-multilib --enable-bootstrap --prefix=/home/quasi/usr]
  ignore line: [Thread model: posix]
  ignore line: [gcc version 8.3.0 (GCC) ]
  ignore line: [COMPILER_PATH=/home/quasi/usr/libexec/gcc/x86_64-pc-linux-gnu/8.3.0/:/home/quasi/usr/libexec/gcc/x86_64-pc-linux-gnu/8.3.0/:/home/quasi/usr/libexec/gcc/x86_64-pc-linux-gnu/:/home/quasi/usr/lib/gcc/x86_64-pc-linux-gnu/8.3.0/:/home/quasi/usr/lib/gcc/x86_64-pc-linux-gnu/]
  ignore line: [LIBRARY_PATH=/home/quasi/usr/lib/gcc/x86_64-pc-linux-gnu/8.3.0/:/home/quasi/usr/lib/gcc/x86_64-pc-linux-gnu/8.3.0/../../../../lib64/:/lib/x86_64-linux-gnu/:/lib/../lib64/:/usr/lib/x86_64-linux-gnu/:/usr/lib/../lib64/:/home/quasi/usr/lib/gcc/x86_64-pc-linux-gnu/8.3.0/../../../:/lib/:/usr/lib/]
  ignore line: [COLLECT_GCC_OPTIONS='-v' '-o' 'cmTC_6c3ee' '-mtune=generic' '-march=x86-64']
  link line: [ /home/quasi/usr/libexec/gcc/x86_64-pc-linux-gnu/8.3.0/collect2 -plugin /home/quasi/usr/libexec/gcc/x86_64-pc-linux-gnu/8.3.0/liblto_plugin.so -plugin-opt=/home/quasi/usr/libexec/gcc/x86_64-pc-linux-gnu/8.3.0/lto-wrapper -plugin-opt=-fresolution=/tmp/ccgtuiFX.res -plugin-opt=-pass-through=-lgcc -plugin-opt=-pass-through=-lgcc_s -plugin-opt=-pass-through=-lc -plugin-opt=-pass-through=-lgcc -plugin-opt=-pass-through=-lgcc_s --eh-frame-hdr -m elf_x86_64 -dynamic-linker /lib64/ld-linux-x86-64.so.2 -o cmTC_6c3ee /usr/lib/x86_64-linux-gnu/crt1.o /usr/lib/x86_64-linux-gnu/crti.o /home/quasi/usr/lib/gcc/x86_64-pc-linux-gnu/8.3.0/crtbegin.o -L/home/quasi/usr/lib/gcc/x86_64-pc-linux-gnu/8.3.0 -L/home/quasi/usr/lib/gcc/x86_64-pc-linux-gnu/8.3.0/../../../../lib64 -L/lib/x86_64-linux-gnu -L/lib/../lib64 -L/usr/lib/x86_64-linux-gnu -L/usr/lib/../lib64 -L/home/quasi/usr/lib/gcc/x86_64-pc-linux-gnu/8.3.0/../../.. CMakeFiles/cmTC_6c3ee.dir/CMakeCCompilerABI.c.o -lgcc --as-needed -lgcc_s --no-as-needed -lc -lgcc --as-needed -lgcc_s --no-as-needed /home/quasi/usr/lib/gcc/x86_64-pc-linux-gnu/8.3.0/crtend.o /usr/lib/x86_64-linux-gnu/crtn.o]
    arg [/home/quasi/usr/libexec/gcc/x86_64-pc-linux-gnu/8.3.0/collect2] ==> ignore
    arg [-plugin] ==> ignore
    arg [/home/quasi/usr/libexec/gcc/x86_64-pc-linux-gnu/8.3.0/liblto_plugin.so] ==> ignore
    arg [-plugin-opt=/home/quasi/usr/libexec/gcc/x86_64-pc-linux-gnu/8.3.0/lto-wrapper] ==> ignore
    arg [-plugin-opt=-fresolution=/tmp/ccgtuiFX.res] ==> ignore
    arg [-plugin-opt=-pass-through=-lgcc] ==> ignore
    arg [-plugin-opt=-pass-through=-lgcc_s] ==> ignore
    arg [-plugin-opt=-pass-through=-lc] ==> ignore
    arg [-plugin-opt=-pass-through=-lgcc] ==> ignore
    arg [-plugin-opt=-pass-through=-lgcc_s] ==> ignore
    arg [--eh-frame-hdr] ==> ignore
    arg [-m] ==> ignore
    arg [elf_x86_64] ==> ignore
    arg [-dynamic-linker] ==> ignore
    arg [/lib64/ld-linux-x86-64.so.2] ==> ignore
    arg [-o] ==> ignore
    arg [cmTC_6c3ee] ==> ignore
    arg [/usr/lib/x86_64-linux-gnu/crt1.o] ==> ignore
    arg [/usr/lib/x86_64-linux-gnu/crti.o] ==> ignore
    arg [/home/quasi/usr/lib/gcc/x86_64-pc-linux-gnu/8.3.0/crtbegin.o] ==> ignore
    arg [-L/home/quasi/usr/lib/gcc/x86_64-pc-linux-gnu/8.3.0] ==> dir [/home/quasi/usr/lib/gcc/x86_64-pc-linux-gnu/8.3.0]
    arg [-L/home/quasi/usr/lib/gcc/x86_64-pc-linux-gnu/8.3.0/../../../../lib64] ==> dir [/home/quasi/usr/lib/gcc/x86_64-pc-linux-gnu/8.3.0/../../../../lib64]
    arg [-L/lib/x86_64-linux-gnu] ==> dir [/lib/x86_64-linux-gnu]
    arg [-L/lib/../lib64] ==> dir [/lib/../lib64]
    arg [-L/usr/lib/x86_64-linux-gnu] ==> dir [/usr/lib/x86_64-linux-gnu]
    arg [-L/usr/lib/../lib64] ==> dir [/usr/lib/../lib64]
    arg [-L/home/quasi/usr/lib/gcc/x86_64-pc-linux-gnu/8.3.0/../../..] ==> dir [/home/quasi/usr/lib/gcc/x86_64-pc-linux-gnu/8.3.0/../../..]
    arg [CMakeFiles/cmTC_6c3ee.dir/CMakeCCompilerABI.c.o] ==> ignore
    arg [-lgcc] ==> lib [gcc]
    arg [--as-needed] ==> ignore
    arg [-lgcc_s] ==> lib [gcc_s]
    arg [--no-as-needed] ==> ignore
    arg [-lc] ==> lib [c]
    arg [-lgcc] ==> lib [gcc]
    arg [--as-needed] ==> ignore
    arg [-lgcc_s] ==> lib [gcc_s]
    arg [--no-as-needed] ==> ignore
    arg [/home/quasi/usr/lib/gcc/x86_64-pc-linux-gnu/8.3.0/crtend.o] ==> ignore
    arg [/usr/lib/x86_64-linux-gnu/crtn.o] ==> ignore
  collapse library dir [/home/quasi/usr/lib/gcc/x86_64-pc-linux-gnu/8.3.0] ==> [/home/quasi/usr/lib/gcc/x86_64-pc-linux-gnu/8.3.0]
  collapse library dir [/home/quasi/usr/lib/gcc/x86_64-pc-linux-gnu/8.3.0/../../../../lib64] ==> [/home/quasi/usr/lib64]
  collapse library dir [/lib/x86_64-linux-gnu] ==> [/lib/x86_64-linux-gnu]
  collapse library dir [/lib/../lib64] ==> [/lib64]
  collapse library dir [/usr/lib/x86_64-linux-gnu] ==> [/usr/lib/x86_64-linux-gnu]
  collapse library dir [/usr/lib/../lib64] ==> [/usr/lib64]
  collapse library dir [/home/quasi/usr/lib/gcc/x86_64-pc-linux-gnu/8.3.0/../../..] ==> [/home/quasi/usr/lib]
  implicit libs: [gcc;gcc_s;c;gcc;gcc_s]
  implicit dirs: [/home/quasi/usr/lib/gcc/x86_64-pc-linux-gnu/8.3.0;/home/quasi/usr/lib64;/lib/x86_64-linux-gnu;/lib64;/usr/lib/x86_64-linux-gnu;/usr/lib64;/home/quasi/usr/lib]
  implicit fwks: []




Detecting C [-std=c11] compiler features compiled with the following output:
Change Dir: /home/quasi/BME_Image_Processing/Homework2/build/CMakeFiles/CMakeTmp

Run Build Command(s):/usr/bin/make cmTC_c52d9/fast 
/usr/bin/make -f CMakeFiles/cmTC_c52d9.dir/build.make CMakeFiles/cmTC_c52d9.dir/build
make[1]: Entering directory '/home/quasi/BME_Image_Processing/Homework2/build/CMakeFiles/CMakeTmp'
Building C object CMakeFiles/cmTC_c52d9.dir/feature_tests.c.o
/home/quasi/usr/bin/gcc   -std=c11 -o CMakeFiles/cmTC_c52d9.dir/feature_tests.c.o   -c /home/quasi/BME_Image_Processing/Homework2/build/CMakeFiles/feature_tests.c
Linking C executable cmTC_c52d9
/usr/local/bin/cmake -E cmake_link_script CMakeFiles/cmTC_c52d9.dir/link.txt --verbose=1
/home/quasi/usr/bin/gcc      CMakeFiles/cmTC_c52d9.dir/feature_tests.c.o  -o cmTC_c52d9 
make[1]: Leaving directory '/home/quasi/BME_Image_Processing/Homework2/build/CMakeFiles/CMakeTmp'


    Feature record: C_FEATURE:1c_function_prototypes
    Feature record: C_FEATURE:1c_restrict
    Feature record: C_FEATURE:1c_static_assert
    Feature record: C_FEATURE:1c_variadic_macros


Detecting C [-std=c99] compiler features compiled with the following output:
Change Dir: /home/quasi/BME_Image_Processing/Homework2/build/CMakeFiles/CMakeTmp

Run Build Command(s):/usr/bin/make cmTC_57e86/fast 
/usr/bin/make -f CMakeFiles/cmTC_57e86.dir/build.make CMakeFiles/cmTC_57e86.dir/build
make[1]: Entering directory '/home/quasi/BME_Image_Processing/Homework2/build/CMakeFiles/CMakeTmp'
Building C object CMakeFiles/cmTC_57e86.dir/feature_tests.c.o
/home/quasi/usr/bin/gcc   -std=c99 -o CMakeFiles/cmTC_57e86.dir/feature_tests.c.o   -c /home/quasi/BME_Image_Processing/Homework2/build/CMakeFiles/feature_tests.c
Linking C executable cmTC_57e86
/usr/local/bin/cmake -E cmake_link_script CMakeFiles/cmTC_57e86.dir/link.txt --verbose=1
/home/quasi/usr/bin/gcc      CMakeFiles/cmTC_57e86.dir/feature_tests.c.o  -o cmTC_57e86 
make[1]: Leaving directory '/home/quasi/BME_Image_Processing/Homework2/build/CMakeFiles/CMakeTmp'


    Feature record: C_FEATURE:1c_function_prototypes
    Feature record: C_FEATURE:1c_restrict
    Feature record: C_FEATURE:0c_static_assert
    Feature record: C_FEATURE:1c_variadic_macros


Detecting C [-std=c90] compiler features compiled with the following output:
Change Dir: /home/quasi/BME_Image_Processing/Homework2/build/CMakeFiles/CMakeTmp

Run Build Command(s):/usr/bin/make cmTC_d0f50/fast 
/usr/bin/make -f CMakeFiles/cmTC_d0f50.dir/build.make CMakeFiles/cmTC_d0f50.dir/build
make[1]: Entering directory '/home/quasi/BME_Image_Processing/Homework2/build/CMakeFiles/CMakeTmp'
Building C object CMakeFiles/cmTC_d0f50.dir/feature_tests.c.o
/home/quasi/usr/bin/gcc   -std=c90 -o CMakeFiles/cmTC_d0f50.dir/feature_tests.c.o   -c /home/quasi/BME_Image_Processing/Homework2/build/CMakeFiles/feature_tests.c
Linking C executable cmTC_d0f50
/usr/local/bin/cmake -E cmake_link_script CMakeFiles/cmTC_d0f50.dir/link.txt --verbose=1
/home/quasi/usr/bin/gcc      CMakeFiles/cmTC_d0f50.dir/feature_tests.c.o  -o cmTC_d0f50 
make[1]: Leaving directory '/home/quasi/BME_Image_Processing/Homework2/build/CMakeFiles/CMakeTmp'


    Feature record: C_FEATURE:1c_function_prototypes
    Feature record: C_FEATURE:0c_restrict
    Feature record: C_FEATURE:0c_static_assert
    Feature record: C_FEATURE:0c_variadic_macros
Determining if the CXX compiler works passed with the following output:
Change Dir: /home/quasi/BME_Image_Processing/Homework2/build/CMakeFiles/CMakeTmp

Run Build Command(s):/usr/bin/make cmTC_42cfa/fast 
/usr/bin/make -f CMakeFiles/cmTC_42cfa.dir/build.make CMakeFiles/cmTC_42cfa.dir/build
make[1]: Entering directory '/home/quasi/BME_Image_Processing/Homework2/build/CMakeFiles/CMakeTmp'
Building CXX object CMakeFiles/cmTC_42cfa.dir/testCXXCompiler.cxx.o
/home/quasi/usr/bin/g++     -o CMakeFiles/cmTC_42cfa.dir/testCXXCompiler.cxx.o -c /home/quasi/BME_Image_Processing/Homework2/build/CMakeFiles/CMakeTmp/testCXXCompiler.cxx
Linking CXX executable cmTC_42cfa
/usr/local/bin/cmake -E cmake_link_script CMakeFiles/cmTC_42cfa.dir/link.txt --verbose=1
/home/quasi/usr/bin/g++       CMakeFiles/cmTC_42cfa.dir/testCXXCompiler.cxx.o  -o cmTC_42cfa 
make[1]: Leaving directory '/home/quasi/BME_Image_Processing/Homework2/build/CMakeFiles/CMakeTmp'


Detecting CXX compiler ABI info compiled with the following output:
Change Dir: /home/quasi/BME_Image_Processing/Homework2/build/CMakeFiles/CMakeTmp

Run Build Command(s):/usr/bin/make cmTC_c800c/fast 
/usr/bin/make -f CMakeFiles/cmTC_c800c.dir/build.make CMakeFiles/cmTC_c800c.dir/build
make[1]: Entering directory '/home/quasi/BME_Image_Processing/Homework2/build/CMakeFiles/CMakeTmp'
Building CXX object CMakeFiles/cmTC_c800c.dir/CMakeCXXCompilerABI.cpp.o
/home/quasi/usr/bin/g++    -v -o CMakeFiles/cmTC_c800c.dir/CMakeCXXCompilerABI.cpp.o -c /usr/local/share/cmake-3.14/Modules/CMakeCXXCompilerABI.cpp
Using built-in specs.
COLLECT_GCC=/home/quasi/usr/bin/g++
Target: x86_64-pc-linux-gnu
Configured with: ../configure --enable-checking=release --enable-languages=c,c++ --disable-multilib --enable-bootstrap --prefix=/home/quasi/usr
Thread model: posix
gcc version 8.3.0 (GCC) 
COLLECT_GCC_OPTIONS='-v' '-o' 'CMakeFiles/cmTC_c800c.dir/CMakeCXXCompilerABI.cpp.o' '-c' '-shared-libgcc' '-mtune=generic' '-march=x86-64'
 /home/quasi/usr/libexec/gcc/x86_64-pc-linux-gnu/8.3.0/cc1plus -quiet -v -imultiarch x86_64-linux-gnu -D_GNU_SOURCE /usr/local/share/cmake-3.14/Modules/CMakeCXXCompilerABI.cpp -quiet -dumpbase CMakeCXXCompilerABI.cpp -mtune=generic -march=x86-64 -auxbase-strip CMakeFiles/cmTC_c800c.dir/CMakeCXXCompilerABI.cpp.o -version -o /tmp/ccMgxZun.s
GNU C++14 (GCC) version 8.3.0 (x86_64-pc-linux-gnu)
	compiled by GNU C version 8.3.0, GMP version 6.1.0, MPFR version 3.1.4, MPC version 1.0.3, isl version isl-0.18-GMP

GGC heuristics: --param ggc-min-expand=100 --param ggc-min-heapsize=131072
ignoring nonexistent directory "/usr/local/include/x86_64-linux-gnu"
ignoring nonexistent directory "/home/quasi/usr/lib/gcc/x86_64-pc-linux-gnu/8.3.0/../../../../x86_64-pc-linux-gnu/include"
#include "..." search starts here:
#include <...> search starts here:
 /home/quasi/usr/lib/gcc/x86_64-pc-linux-gnu/8.3.0/../../../../include/c++/8.3.0
 /home/quasi/usr/lib/gcc/x86_64-pc-linux-gnu/8.3.0/../../../../include/c++/8.3.0/x86_64-pc-linux-gnu
 /home/quasi/usr/lib/gcc/x86_64-pc-linux-gnu/8.3.0/../../../../include/c++/8.3.0/backward
 /home/quasi/usr/lib/gcc/x86_64-pc-linux-gnu/8.3.0/include
 /usr/local/include
 /home/quasi/usr/include
 /home/quasi/usr/lib/gcc/x86_64-pc-linux-gnu/8.3.0/include-fixed
 /usr/include/x86_64-linux-gnu
 /usr/include
End of search list.
GNU C++14 (GCC) version 8.3.0 (x86_64-pc-linux-gnu)
	compiled by GNU C version 8.3.0, GMP version 6.1.0, MPFR version 3.1.4, MPC version 1.0.3, isl version isl-0.18-GMP

GGC heuristics: --param ggc-min-expand=100 --param ggc-min-heapsize=131072
Compiler executable checksum: c1e232a9992d1bbb2f1cec2c33067ca2
COLLECT_GCC_OPTIONS='-v' '-o' 'CMakeFiles/cmTC_c800c.dir/CMakeCXXCompilerABI.cpp.o' '-c' '-shared-libgcc' '-mtune=generic' '-march=x86-64'
 as -v --64 -o CMakeFiles/cmTC_c800c.dir/CMakeCXXCompilerABI.cpp.o /tmp/ccMgxZun.s
GNU assembler version 2.26.1 (x86_64-linux-gnu) using BFD version (GNU Binutils for Ubuntu) 2.26.1
COMPILER_PATH=/home/quasi/usr/libexec/gcc/x86_64-pc-linux-gnu/8.3.0/:/home/quasi/usr/libexec/gcc/x86_64-pc-linux-gnu/8.3.0/:/home/quasi/usr/libexec/gcc/x86_64-pc-linux-gnu/:/home/quasi/usr/lib/gcc/x86_64-pc-linux-gnu/8.3.0/:/home/quasi/usr/lib/gcc/x86_64-pc-linux-gnu/
LIBRARY_PATH=/home/quasi/usr/lib/gcc/x86_64-pc-linux-gnu/8.3.0/:/home/quasi/usr/lib/gcc/x86_64-pc-linux-gnu/8.3.0/../../../../lib64/:/lib/x86_64-linux-gnu/:/lib/../lib64/:/usr/lib/x86_64-linux-gnu/:/usr/lib/../lib64/:/home/quasi/usr/lib/gcc/x86_64-pc-linux-gnu/8.3.0/../../../:/lib/:/usr/lib/
COLLECT_GCC_OPTIONS='-v' '-o' 'CMakeFiles/cmTC_c800c.dir/CMakeCXXCompilerABI.cpp.o' '-c' '-shared-libgcc' '-mtune=generic' '-march=x86-64'
Linking CXX executable cmTC_c800c
/usr/local/bin/cmake -E cmake_link_script CMakeFiles/cmTC_c800c.dir/link.txt --verbose=1
/home/quasi/usr/bin/g++      -v CMakeFiles/cmTC_c800c.dir/CMakeCXXCompilerABI.cpp.o  -o cmTC_c800c 
Using built-in specs.
COLLECT_GCC=/home/quasi/usr/bin/g++
COLLECT_LTO_WRAPPER=/home/quasi/usr/libexec/gcc/x86_64-pc-linux-gnu/8.3.0/lto-wrapper
Target: x86_64-pc-linux-gnu
Configured with: ../configure --enable-checking=release --enable-languages=c,c++ --disable-multilib --enable-bootstrap --prefix=/home/quasi/usr
Thread model: posix
gcc version 8.3.0 (GCC) 
COMPILER_PATH=/home/quasi/usr/libexec/gcc/x86_64-pc-linux-gnu/8.3.0/:/home/quasi/usr/libexec/gcc/x86_64-pc-linux-gnu/8.3.0/:/home/quasi/usr/libexec/gcc/x86_64-pc-linux-gnu/:/home/quasi/usr/lib/gcc/x86_64-pc-linux-gnu/8.3.0/:/home/quasi/usr/lib/gcc/x86_64-pc-linux-gnu/
LIBRARY_PATH=/home/quasi/usr/lib/gcc/x86_64-pc-linux-gnu/8.3.0/:/home/quasi/usr/lib/gcc/x86_64-pc-linux-gnu/8.3.0/../../../../lib64/:/lib/x86_64-linux-gnu/:/lib/../lib64/:/usr/lib/x86_64-linux-gnu/:/usr/lib/../lib64/:/home/quasi/usr/lib/gcc/x86_64-pc-linux-gnu/8.3.0/../../../:/lib/:/usr/lib/
COLLECT_GCC_OPTIONS='-v' '-o' 'cmTC_c800c' '-shared-libgcc' '-mtune=generic' '-march=x86-64'
 /home/quasi/usr/libexec/gcc/x86_64-pc-linux-gnu/8.3.0/collect2 -plugin /home/quasi/usr/libexec/gcc/x86_64-pc-linux-gnu/8.3.0/liblto_plugin.so -plugin-opt=/home/quasi/usr/libexec/gcc/x86_64-pc-linux-gnu/8.3.0/lto-wrapper -plugin-opt=-fresolution=/tmp/ccgRFmQr.res -plugin-opt=-pass-through=-lgcc_s -plugin-opt=-pass-through=-lgcc -plugin-opt=-pass-through=-lc -plugin-opt=-pass-through=-lgcc_s -plugin-opt=-pass-through=-lgcc --eh-frame-hdr -m elf_x86_64 -dynamic-linker /lib64/ld-linux-x86-64.so.2 -o cmTC_c800c /usr/lib/x86_64-linux-gnu/crt1.o /usr/lib/x86_64-linux-gnu/crti.o /home/quasi/usr/lib/gcc/x86_64-pc-linux-gnu/8.3.0/crtbegin.o -L/home/quasi/usr/lib/gcc/x86_64-pc-linux-gnu/8.3.0 -L/home/quasi/usr/lib/gcc/x86_64-pc-linux-gnu/8.3.0/../../../../lib64 -L/lib/x86_64-linux-gnu -L/lib/../lib64 -L/usr/lib/x86_64-linux-gnu -L/usr/lib/../lib64 -L/home/quasi/usr/lib/gcc/x86_64-pc-linux-gnu/8.3.0/../../.. CMakeFiles/cmTC_c800c.dir/CMakeCXXCompilerABI.cpp.o -lstdc++ -lm -lgcc_s -lgcc -lc -lgcc_s -lgcc /home/quasi/usr/lib/gcc/x86_64-pc-linux-gnu/8.3.0/crtend.o /usr/lib/x86_64-linux-gnu/crtn.o
COLLECT_GCC_OPTIONS='-v' '-o' 'cmTC_c800c' '-shared-libgcc' '-mtune=generic' '-march=x86-64'
make[1]: Leaving directory '/home/quasi/BME_Image_Processing/Homework2/build/CMakeFiles/CMakeTmp'


Parsed CXX implicit include dir info from above output: rv=done
  found start of include info
  found start of implicit include info
    add: [/home/quasi/usr/lib/gcc/x86_64-pc-linux-gnu/8.3.0/../../../../include/c++/8.3.0]
    add: [/home/quasi/usr/lib/gcc/x86_64-pc-linux-gnu/8.3.0/../../../../include/c++/8.3.0/x86_64-pc-linux-gnu]
    add: [/home/quasi/usr/lib/gcc/x86_64-pc-linux-gnu/8.3.0/../../../../include/c++/8.3.0/backward]
    add: [/home/quasi/usr/lib/gcc/x86_64-pc-linux-gnu/8.3.0/include]
    add: [/usr/local/include]
    add: [/home/quasi/usr/include]
    add: [/home/quasi/usr/lib/gcc/x86_64-pc-linux-gnu/8.3.0/include-fixed]
    add: [/usr/include/x86_64-linux-gnu]
    add: [/usr/include]
  end of search list found
  implicit include dirs: [/home/quasi/usr/lib/gcc/x86_64-pc-linux-gnu/8.3.0/../../../../include/c++/8.3.0;/home/quasi/usr/lib/gcc/x86_64-pc-linux-gnu/8.3.0/../../../../include/c++/8.3.0/x86_64-pc-linux-gnu;/home/quasi/usr/lib/gcc/x86_64-pc-linux-gnu/8.3.0/../../../../include/c++/8.3.0/backward;/home/quasi/usr/lib/gcc/x86_64-pc-linux-gnu/8.3.0/include;/usr/local/include;/home/quasi/usr/include;/home/quasi/usr/lib/gcc/x86_64-pc-linux-gnu/8.3.0/include-fixed;/usr/include/x86_64-linux-gnu;/usr/include]


Parsed CXX implicit link information from above output:
  link line regex: [^( *|.*[/\])(ld|CMAKE_LINK_STARTFILE-NOTFOUND|([^/\]+-)?ld|collect2)[^/\]*( |$)]
  ignore line: [Change Dir: /home/quasi/BME_Image_Processing/Homework2/build/CMakeFiles/CMakeTmp]
  ignore line: []
  ignore line: [Run Build Command(s):/usr/bin/make cmTC_c800c/fast ]
  ignore line: [/usr/bin/make -f CMakeFiles/cmTC_c800c.dir/build.make CMakeFiles/cmTC_c800c.dir/build]
  ignore line: [make[1]: Entering directory '/home/quasi/BME_Image_Processing/Homework2/build/CMakeFiles/CMakeTmp']
  ignore line: [Building CXX object CMakeFiles/cmTC_c800c.dir/CMakeCXXCompilerABI.cpp.o]
  ignore line: [/home/quasi/usr/bin/g++    -v -o CMakeFiles/cmTC_c800c.dir/CMakeCXXCompilerABI.cpp.o -c /usr/local/share/cmake-3.14/Modules/CMakeCXXCompilerABI.cpp]
  ignore line: [Using built-in specs.]
  ignore line: [COLLECT_GCC=/home/quasi/usr/bin/g++]
  ignore line: [Target: x86_64-pc-linux-gnu]
  ignore line: [Configured with: ../configure --enable-checking=release --enable-languages=c,c++ --disable-multilib --enable-bootstrap --prefix=/home/quasi/usr]
  ignore line: [Thread model: posix]
  ignore line: [gcc version 8.3.0 (GCC) ]
  ignore line: [COLLECT_GCC_OPTIONS='-v' '-o' 'CMakeFiles/cmTC_c800c.dir/CMakeCXXCompilerABI.cpp.o' '-c' '-shared-libgcc' '-mtune=generic' '-march=x86-64']
  ignore line: [ /home/quasi/usr/libexec/gcc/x86_64-pc-linux-gnu/8.3.0/cc1plus -quiet -v -imultiarch x86_64-linux-gnu -D_GNU_SOURCE /usr/local/share/cmake-3.14/Modules/CMakeCXXCompilerABI.cpp -quiet -dumpbase CMakeCXXCompilerABI.cpp -mtune=generic -march=x86-64 -auxbase-strip CMakeFiles/cmTC_c800c.dir/CMakeCXXCompilerABI.cpp.o -version -o /tmp/ccMgxZun.s]
  ignore line: [GNU C++14 (GCC) version 8.3.0 (x86_64-pc-linux-gnu)]
  ignore line: [	compiled by GNU C version 8.3.0, GMP version 6.1.0, MPFR version 3.1.4, MPC version 1.0.3, isl version isl-0.18-GMP]
  ignore line: []
  ignore line: [GGC heuristics: --param ggc-min-expand=100 --param ggc-min-heapsize=131072]
  ignore line: [ignoring nonexistent directory "/usr/local/include/x86_64-linux-gnu"]
  ignore line: [ignoring nonexistent directory "/home/quasi/usr/lib/gcc/x86_64-pc-linux-gnu/8.3.0/../../../../x86_64-pc-linux-gnu/include"]
  ignore line: [#include "..." search starts here:]
  ignore line: [#include <...> search starts here:]
  ignore line: [ /home/quasi/usr/lib/gcc/x86_64-pc-linux-gnu/8.3.0/../../../../include/c++/8.3.0]
  ignore line: [ /home/quasi/usr/lib/gcc/x86_64-pc-linux-gnu/8.3.0/../../../../include/c++/8.3.0/x86_64-pc-linux-gnu]
  ignore line: [ /home/quasi/usr/lib/gcc/x86_64-pc-linux-gnu/8.3.0/../../../../include/c++/8.3.0/backward]
  ignore line: [ /home/quasi/usr/lib/gcc/x86_64-pc-linux-gnu/8.3.0/include]
  ignore line: [ /usr/local/include]
  ignore line: [ /home/quasi/usr/include]
  ignore line: [ /home/quasi/usr/lib/gcc/x86_64-pc-linux-gnu/8.3.0/include-fixed]
  ignore line: [ /usr/include/x86_64-linux-gnu]
  ignore line: [ /usr/include]
  ignore line: [End of search list.]
  ignore line: [GNU C++14 (GCC) version 8.3.0 (x86_64-pc-linux-gnu)]
  ignore line: [	compiled by GNU C version 8.3.0, GMP version 6.1.0, MPFR version 3.1.4, MPC version 1.0.3, isl version isl-0.18-GMP]
  ignore line: []
  ignore line: [GGC heuristics: --param ggc-min-expand=100 --param ggc-min-heapsize=131072]
  ignore line: [Compiler executable checksum: c1e232a9992d1bbb2f1cec2c33067ca2]
  ignore line: [COLLECT_GCC_OPTIONS='-v' '-o' 'CMakeFiles/cmTC_c800c.dir/CMakeCXXCompilerABI.cpp.o' '-c' '-shared-libgcc' '-mtune=generic' '-march=x86-64']
  ignore line: [ as -v --64 -o CMakeFiles/cmTC_c800c.dir/CMakeCXXCompilerABI.cpp.o /tmp/ccMgxZun.s]
  ignore line: [GNU assembler version 2.26.1 (x86_64-linux-gnu) using BFD version (GNU Binutils for Ubuntu) 2.26.1]
  ignore line: [COMPILER_PATH=/home/quasi/usr/libexec/gcc/x86_64-pc-linux-gnu/8.3.0/:/home/quasi/usr/libexec/gcc/x86_64-pc-linux-gnu/8.3.0/:/home/quasi/usr/libexec/gcc/x86_64-pc-linux-gnu/:/home/quasi/usr/lib/gcc/x86_64-pc-linux-gnu/8.3.0/:/home/quasi/usr/lib/gcc/x86_64-pc-linux-gnu/]
  ignore line: [LIBRARY_PATH=/home/quasi/usr/lib/gcc/x86_64-pc-linux-gnu/8.3.0/:/home/quasi/usr/lib/gcc/x86_64-pc-linux-gnu/8.3.0/../../../../lib64/:/lib/x86_64-linux-gnu/:/lib/../lib64/:/usr/lib/x86_64-linux-gnu/:/usr/lib/../lib64/:/home/quasi/usr/lib/gcc/x86_64-pc-linux-gnu/8.3.0/../../../:/lib/:/usr/lib/]
  ignore line: [COLLECT_GCC_OPTIONS='-v' '-o' 'CMakeFiles/cmTC_c800c.dir/CMakeCXXCompilerABI.cpp.o' '-c' '-shared-libgcc' '-mtune=generic' '-march=x86-64']
  ignore line: [Linking CXX executable cmTC_c800c]
  ignore line: [/usr/local/bin/cmake -E cmake_link_script CMakeFiles/cmTC_c800c.dir/link.txt --verbose=1]
  ignore line: [/home/quasi/usr/bin/g++      -v CMakeFiles/cmTC_c800c.dir/CMakeCXXCompilerABI.cpp.o  -o cmTC_c800c ]
  ignore line: [Using built-in specs.]
  ignore line: [COLLECT_GCC=/home/quasi/usr/bin/g++]
  ignore line: [COLLECT_LTO_WRAPPER=/home/quasi/usr/libexec/gcc/x86_64-pc-linux-gnu/8.3.0/lto-wrapper]
  ignore line: [Target: x86_64-pc-linux-gnu]
  ignore line: [Configured with: ../configure --enable-checking=release --enable-languages=c,c++ --disable-multilib --enable-bootstrap --prefix=/home/quasi/usr]
  ignore line: [Thread model: posix]
  ignore line: [gcc version 8.3.0 (GCC) ]
  ignore line: [COMPILER_PATH=/home/quasi/usr/libexec/gcc/x86_64-pc-linux-gnu/8.3.0/:/home/quasi/usr/libexec/gcc/x86_64-pc-linux-gnu/8.3.0/:/home/quasi/usr/libexec/gcc/x86_64-pc-linux-gnu/:/home/quasi/usr/lib/gcc/x86_64-pc-linux-gnu/8.3.0/:/home/quasi/usr/lib/gcc/x86_64-pc-linux-gnu/]
  ignore line: [LIBRARY_PATH=/home/quasi/usr/lib/gcc/x86_64-pc-linux-gnu/8.3.0/:/home/quasi/usr/lib/gcc/x86_64-pc-linux-gnu/8.3.0/../../../../lib64/:/lib/x86_64-linux-gnu/:/lib/../lib64/:/usr/lib/x86_64-linux-gnu/:/usr/lib/../lib64/:/home/quasi/usr/lib/gcc/x86_64-pc-linux-gnu/8.3.0/../../../:/lib/:/usr/lib/]
  ignore line: [COLLECT_GCC_OPTIONS='-v' '-o' 'cmTC_c800c' '-shared-libgcc' '-mtune=generic' '-march=x86-64']
  link line: [ /home/quasi/usr/libexec/gcc/x86_64-pc-linux-gnu/8.3.0/collect2 -plugin /home/quasi/usr/libexec/gcc/x86_64-pc-linux-gnu/8.3.0/liblto_plugin.so -plugin-opt=/home/quasi/usr/libexec/gcc/x86_64-pc-linux-gnu/8.3.0/lto-wrapper -plugin-opt=-fresolution=/tmp/ccgRFmQr.res -plugin-opt=-pass-through=-lgcc_s -plugin-opt=-pass-through=-lgcc -plugin-opt=-pass-through=-lc -plugin-opt=-pass-through=-lgcc_s -plugin-opt=-pass-through=-lgcc --eh-frame-hdr -m elf_x86_64 -dynamic-linker /lib64/ld-linux-x86-64.so.2 -o cmTC_c800c /usr/lib/x86_64-linux-gnu/crt1.o /usr/lib/x86_64-linux-gnu/crti.o /home/quasi/usr/lib/gcc/x86_64-pc-linux-gnu/8.3.0/crtbegin.o -L/home/quasi/usr/lib/gcc/x86_64-pc-linux-gnu/8.3.0 -L/home/quasi/usr/lib/gcc/x86_64-pc-linux-gnu/8.3.0/../../../../lib64 -L/lib/x86_64-linux-gnu -L/lib/../lib64 -L/usr/lib/x86_64-linux-gnu -L/usr/lib/../lib64 -L/home/quasi/usr/lib/gcc/x86_64-pc-linux-gnu/8.3.0/../../.. CMakeFiles/cmTC_c800c.dir/CMakeCXXCompilerABI.cpp.o -lstdc++ -lm -lgcc_s -lgcc -lc -lgcc_s -lgcc /home/quasi/usr/lib/gcc/x86_64-pc-linux-gnu/8.3.0/crtend.o /usr/lib/x86_64-linux-gnu/crtn.o]
    arg [/home/quasi/usr/libexec/gcc/x86_64-pc-linux-gnu/8.3.0/collect2] ==> ignore
    arg [-plugin] ==> ignore
    arg [/home/quasi/usr/libexec/gcc/x86_64-pc-linux-gnu/8.3.0/liblto_plugin.so] ==> ignore
    arg [-plugin-opt=/home/quasi/usr/libexec/gcc/x86_64-pc-linux-gnu/8.3.0/lto-wrapper] ==> ignore
    arg [-plugin-opt=-fresolution=/tmp/ccgRFmQr.res] ==> ignore
    arg [-plugin-opt=-pass-through=-lgcc_s] ==> ignore
    arg [-plugin-opt=-pass-through=-lgcc] ==> ignore
    arg [-plugin-opt=-pass-through=-lc] ==> ignore
    arg [-plugin-opt=-pass-through=-lgcc_s] ==> ignore
    arg [-plugin-opt=-pass-through=-lgcc] ==> ignore
    arg [--eh-frame-hdr] ==> ignore
    arg [-m] ==> ignore
    arg [elf_x86_64] ==> ignore
    arg [-dynamic-linker] ==> ignore
    arg [/lib64/ld-linux-x86-64.so.2] ==> ignore
    arg [-o] ==> ignore
    arg [cmTC_c800c] ==> ignore
    arg [/usr/lib/x86_64-linux-gnu/crt1.o] ==> ignore
    arg [/usr/lib/x86_64-linux-gnu/crti.o] ==> ignore
    arg [/home/quasi/usr/lib/gcc/x86_64-pc-linux-gnu/8.3.0/crtbegin.o] ==> ignore
    arg [-L/home/quasi/usr/lib/gcc/x86_64-pc-linux-gnu/8.3.0] ==> dir [/home/quasi/usr/lib/gcc/x86_64-pc-linux-gnu/8.3.0]
    arg [-L/home/quasi/usr/lib/gcc/x86_64-pc-linux-gnu/8.3.0/../../../../lib64] ==> dir [/home/quasi/usr/lib/gcc/x86_64-pc-linux-gnu/8.3.0/../../../../lib64]
    arg [-L/lib/x86_64-linux-gnu] ==> dir [/lib/x86_64-linux-gnu]
    arg [-L/lib/../lib64] ==> dir [/lib/../lib64]
    arg [-L/usr/lib/x86_64-linux-gnu] ==> dir [/usr/lib/x86_64-linux-gnu]
    arg [-L/usr/lib/../lib64] ==> dir [/usr/lib/../lib64]
    arg [-L/home/quasi/usr/lib/gcc/x86_64-pc-linux-gnu/8.3.0/../../..] ==> dir [/home/quasi/usr/lib/gcc/x86_64-pc-linux-gnu/8.3.0/../../..]
    arg [CMakeFiles/cmTC_c800c.dir/CMakeCXXCompilerABI.cpp.o] ==> ignore
    arg [-lstdc++] ==> lib [stdc++]
    arg [-lm] ==> lib [m]
    arg [-lgcc_s] ==> lib [gcc_s]
    arg [-lgcc] ==> lib [gcc]
    arg [-lc] ==> lib [c]
    arg [-lgcc_s] ==> lib [gcc_s]
    arg [-lgcc] ==> lib [gcc]
    arg [/home/quasi/usr/lib/gcc/x86_64-pc-linux-gnu/8.3.0/crtend.o] ==> ignore
    arg [/usr/lib/x86_64-linux-gnu/crtn.o] ==> ignore
  collapse library dir [/home/quasi/usr/lib/gcc/x86_64-pc-linux-gnu/8.3.0] ==> [/home/quasi/usr/lib/gcc/x86_64-pc-linux-gnu/8.3.0]
  collapse library dir [/home/quasi/usr/lib/gcc/x86_64-pc-linux-gnu/8.3.0/../../../../lib64] ==> [/home/quasi/usr/lib64]
  collapse library dir [/lib/x86_64-linux-gnu] ==> [/lib/x86_64-linux-gnu]
  collapse library dir [/lib/../lib64] ==> [/lib64]
  collapse library dir [/usr/lib/x86_64-linux-gnu] ==> [/usr/lib/x86_64-linux-gnu]
  collapse library dir [/usr/lib/../lib64] ==> [/usr/lib64]
  collapse library dir [/home/quasi/usr/lib/gcc/x86_64-pc-linux-gnu/8.3.0/../../..] ==> [/home/quasi/usr/lib]
  implicit libs: [stdc++;m;gcc_s;gcc;c;gcc_s;gcc]
  implicit dirs: [/home/quasi/usr/lib/gcc/x86_64-pc-linux-gnu/8.3.0;/home/quasi/usr/lib64;/lib/x86_64-linux-gnu;/lib64;/usr/lib/x86_64-linux-gnu;/usr/lib64;/home/quasi/usr/lib]
  implicit fwks: []




Detecting CXX [-std=c++2a] compiler features compiled with the following output:
Change Dir: /home/quasi/BME_Image_Processing/Homework2/build/CMakeFiles/CMakeTmp

Run Build Command(s):/usr/bin/make cmTC_10e95/fast 
/usr/bin/make -f CMakeFiles/cmTC_10e95.dir/build.make CMakeFiles/cmTC_10e95.dir/build
make[1]: Entering directory '/home/quasi/BME_Image_Processing/Homework2/build/CMakeFiles/CMakeTmp'
Building CXX object CMakeFiles/cmTC_10e95.dir/feature_tests.cxx.o
/home/quasi/usr/bin/g++    -std=c++2a -o CMakeFiles/cmTC_10e95.dir/feature_tests.cxx.o -c /home/quasi/BME_Image_Processing/Homework2/build/CMakeFiles/feature_tests.cxx
Linking CXX executable cmTC_10e95
/usr/local/bin/cmake -E cmake_link_script CMakeFiles/cmTC_10e95.dir/link.txt --verbose=1
/home/quasi/usr/bin/g++       CMakeFiles/cmTC_10e95.dir/feature_tests.cxx.o  -o cmTC_10e95 
make[1]: Leaving directory '/home/quasi/BME_Image_Processing/Homework2/build/CMakeFiles/CMakeTmp'


    Feature record: CXX_FEATURE:1cxx_aggregate_default_initializers
    Feature record: CXX_FEATURE:1cxx_alias_templates
    Feature record: CXX_FEATURE:1cxx_alignas
    Feature record: CXX_FEATURE:1cxx_alignof
    Feature record: CXX_FEATURE:1cxx_attributes
    Feature record: CXX_FEATURE:1cxx_attribute_deprecated
    Feature record: CXX_FEATURE:1cxx_auto_type
    Feature record: CXX_FEATURE:1cxx_binary_literals
    Feature record: CXX_FEATURE:1cxx_constexpr
    Feature record: CXX_FEATURE:1cxx_contextual_conversions
    Feature record: CXX_FEATURE:1cxx_decltype
    Feature record: CXX_FEATURE:1cxx_decltype_auto
    Feature record: CXX_FEATURE:1cxx_decltype_incomplete_return_types
    Feature record: CXX_FEATURE:1cxx_default_function_template_args
    Feature record: CXX_FEATURE:1cxx_defaulted_functions
    Feature record: CXX_FEATURE:1cxx_defaulted_move_initializers
    Feature record: CXX_FEATURE:1cxx_delegating_constructors
    Feature record: CXX_FEATURE:1cxx_deleted_functions
    Feature record: CXX_FEATURE:1cxx_digit_separators
    Feature record: CXX_FEATURE:1cxx_enum_forward_declarations
    Feature record: CXX_FEATURE:1cxx_explicit_conversions
    Feature record: CXX_FEATURE:1cxx_extended_friend_declarations
    Feature record: CXX_FEATURE:1cxx_extern_templates
    Feature record: CXX_FEATURE:1cxx_final
    Feature record: CXX_FEATURE:1cxx_func_identifier
    Feature record: CXX_FEATURE:1cxx_generalized_initializers
    Feature record: CXX_FEATURE:1cxx_generic_lambdas
    Feature record: CXX_FEATURE:1cxx_inheriting_constructors
    Feature record: CXX_FEATURE:1cxx_inline_namespaces
    Feature record: CXX_FEATURE:1cxx_lambdas
    Feature record: CXX_FEATURE:1cxx_lambda_init_captures
    Feature record: CXX_FEATURE:1cxx_local_type_template_args
    Feature record: CXX_FEATURE:1cxx_long_long_type
    Feature record: CXX_FEATURE:1cxx_noexcept
    Feature record: CXX_FEATURE:1cxx_nonstatic_member_init
    Feature record: CXX_FEATURE:1cxx_nullptr
    Feature record: CXX_FEATURE:1cxx_override
    Feature record: CXX_FEATURE:1cxx_range_for
    Feature record: CXX_FEATURE:1cxx_raw_string_literals
    Feature record: CXX_FEATURE:1cxx_reference_qualified_functions
    Feature record: CXX_FEATURE:1cxx_relaxed_constexpr
    Feature record: CXX_FEATURE:1cxx_return_type_deduction
    Feature record: CXX_FEATURE:1cxx_right_angle_brackets
    Feature record: CXX_FEATURE:1cxx_rvalue_references
    Feature record: CXX_FEATURE:1cxx_sizeof_member
    Feature record: CXX_FEATURE:1cxx_static_assert
    Feature record: CXX_FEATURE:1cxx_strong_enums
    Feature record: CXX_FEATURE:1cxx_template_template_parameters
    Feature record: CXX_FEATURE:1cxx_thread_local
    Feature record: CXX_FEATURE:1cxx_trailing_return_types
    Feature record: CXX_FEATURE:1cxx_unicode_literals
    Feature record: CXX_FEATURE:1cxx_uniform_initialization
    Feature record: CXX_FEATURE:1cxx_unrestricted_unions
    Feature record: CXX_FEATURE:1cxx_user_literals
    Feature record: CXX_FEATURE:1cxx_variable_templates
    Feature record: CXX_FEATURE:1cxx_variadic_macros
    Feature record: CXX_FEATURE:1cxx_variadic_templates


Detecting CXX [-std=c++17] compiler features compiled with the following output:
Change Dir: /home/quasi/BME_Image_Processing/Homework2/build/CMakeFiles/CMakeTmp

Run Build Command(s):/usr/bin/make cmTC_842ef/fast 
/usr/bin/make -f CMakeFiles/cmTC_842ef.dir/build.make CMakeFiles/cmTC_842ef.dir/build
make[1]: Entering directory '/home/quasi/BME_Image_Processing/Homework2/build/CMakeFiles/CMakeTmp'
Building CXX object CMakeFiles/cmTC_842ef.dir/feature_tests.cxx.o
/home/quasi/usr/bin/g++    -std=c++17 -o CMakeFiles/cmTC_842ef.dir/feature_tests.cxx.o -c /home/quasi/BME_Image_Processing/Homework2/build/CMakeFiles/feature_tests.cxx
Linking CXX executable cmTC_842ef
/usr/local/bin/cmake -E cmake_link_script CMakeFiles/cmTC_842ef.dir/link.txt --verbose=1
/home/quasi/usr/bin/g++       CMakeFiles/cmTC_842ef.dir/feature_tests.cxx.o  -o cmTC_842ef 
make[1]: Leaving directory '/home/quasi/BME_Image_Processing/Homework2/build/CMakeFiles/CMakeTmp'


    Feature record: CXX_FEATURE:1cxx_aggregate_default_initializers
    Feature record: CXX_FEATURE:1cxx_alias_templates
    Feature record: CXX_FEATURE:1cxx_alignas
    Feature record: CXX_FEATURE:1cxx_alignof
    Feature record: CXX_FEATURE:1cxx_attributes
    Feature record: CXX_FEATURE:1cxx_attribute_deprecated
    Feature record: CXX_FEATURE:1cxx_auto_type
    Feature record: CXX_FEATURE:1cxx_binary_literals
    Feature record: CXX_FEATURE:1cxx_constexpr
    Feature record: CXX_FEATURE:1cxx_contextual_conversions
    Feature record: CXX_FEATURE:1cxx_decltype
    Feature record: CXX_FEATURE:1cxx_decltype_auto
    Feature record: CXX_FEATURE:1cxx_decltype_incomplete_return_types
    Feature record: CXX_FEATURE:1cxx_default_function_template_args
    Feature record: CXX_FEATURE:1cxx_defaulted_functions
    Feature record: CXX_FEATURE:1cxx_defaulted_move_initializers
    Feature record: CXX_FEATURE:1cxx_delegating_constructors
    Feature record: CXX_FEATURE:1cxx_deleted_functions
    Feature record: CXX_FEATURE:1cxx_digit_separators
    Feature record: CXX_FEATURE:1cxx_enum_forward_declarations
    Feature record: CXX_FEATURE:1cxx_explicit_conversions
    Feature record: CXX_FEATURE:1cxx_extended_friend_declarations
    Feature record: CXX_FEATURE:1cxx_extern_templates
    Feature record: CXX_FEATURE:1cxx_final
    Feature record: CXX_FEATURE:1cxx_func_identifier
    Feature record: CXX_FEATURE:1cxx_generalized_initializers
    Feature record: CXX_FEATURE:1cxx_generic_lambdas
    Feature record: CXX_FEATURE:1cxx_inheriting_constructors
    Feature record: CXX_FEATURE:1cxx_inline_namespaces
    Feature record: CXX_FEATURE:1cxx_lambdas
    Feature record: CXX_FEATURE:1cxx_lambda_init_captures
    Feature record: CXX_FEATURE:1cxx_local_type_template_args
    Feature record: CXX_FEATURE:1cxx_long_long_type
    Feature record: CXX_FEATURE:1cxx_noexcept
    Feature record: CXX_FEATURE:1cxx_nonstatic_member_init
    Feature record: CXX_FEATURE:1cxx_nullptr
    Feature record: CXX_FEATURE:1cxx_override
    Feature record: CXX_FEATURE:1cxx_range_for
    Feature record: CXX_FEATURE:1cxx_raw_string_literals
    Feature record: CXX_FEATURE:1cxx_reference_qualified_functions
    Feature record: CXX_FEATURE:1cxx_relaxed_constexpr
    Feature record: CXX_FEATURE:1cxx_return_type_deduction
    Feature record: CXX_FEATURE:1cxx_right_angle_brackets
    Feature record: CXX_FEATURE:1cxx_rvalue_references
    Feature record: CXX_FEATURE:1cxx_sizeof_member
    Feature record: CXX_FEATURE:1cxx_static_assert
    Feature record: CXX_FEATURE:1cxx_strong_enums
    Feature record: CXX_FEATURE:1cxx_template_template_parameters
    Feature record: CXX_FEATURE:1cxx_thread_local
    Feature record: CXX_FEATURE:1cxx_trailing_return_types
    Feature record: CXX_FEATURE:1cxx_unicode_literals
    Feature record: CXX_FEATURE:1cxx_uniform_initialization
    Feature record: CXX_FEATURE:1cxx_unrestricted_unions
    Feature record: CXX_FEATURE:1cxx_user_literals
    Feature record: CXX_FEATURE:1cxx_variable_templates
    Feature record: CXX_FEATURE:1cxx_variadic_macros
    Feature record: CXX_FEATURE:1cxx_variadic_templates


Detecting CXX [-std=c++14] compiler features compiled with the following output:
Change Dir: /home/quasi/BME_Image_Processing/Homework2/build/CMakeFiles/CMakeTmp

Run Build Command(s):/usr/bin/make cmTC_cd9cf/fast 
/usr/bin/make -f CMakeFiles/cmTC_cd9cf.dir/build.make CMakeFiles/cmTC_cd9cf.dir/build
make[1]: Entering directory '/home/quasi/BME_Image_Processing/Homework2/build/CMakeFiles/CMakeTmp'
Building CXX object CMakeFiles/cmTC_cd9cf.dir/feature_tests.cxx.o
/home/quasi/usr/bin/g++    -std=c++14 -o CMakeFiles/cmTC_cd9cf.dir/feature_tests.cxx.o -c /home/quasi/BME_Image_Processing/Homework2/build/CMakeFiles/feature_tests.cxx
Linking CXX executable cmTC_cd9cf
/usr/local/bin/cmake -E cmake_link_script CMakeFiles/cmTC_cd9cf.dir/link.txt --verbose=1
/home/quasi/usr/bin/g++       CMakeFiles/cmTC_cd9cf.dir/feature_tests.cxx.o  -o cmTC_cd9cf 
make[1]: Leaving directory '/home/quasi/BME_Image_Processing/Homework2/build/CMakeFiles/CMakeTmp'


    Feature record: CXX_FEATURE:1cxx_aggregate_default_initializers
    Feature record: CXX_FEATURE:1cxx_alias_templates
    Feature record: CXX_FEATURE:1cxx_alignas
    Feature record: CXX_FEATURE:1cxx_alignof
    Feature record: CXX_FEATURE:1cxx_attributes
    Feature record: CXX_FEATURE:1cxx_attribute_deprecated
    Feature record: CXX_FEATURE:1cxx_auto_type
    Feature record: CXX_FEATURE:1cxx_binary_literals
    Feature record: CXX_FEATURE:1cxx_constexpr
    Feature record: CXX_FEATURE:1cxx_contextual_conversions
    Feature record: CXX_FEATURE:1cxx_decltype
    Feature record: CXX_FEATURE:1cxx_decltype_auto
    Feature record: CXX_FEATURE:1cxx_decltype_incomplete_return_types
    Feature record: CXX_FEATURE:1cxx_default_function_template_args
    Feature record: CXX_FEATURE:1cxx_defaulted_functions
    Feature record: CXX_FEATURE:1cxx_defaulted_move_initializers
    Feature record: CXX_FEATURE:1cxx_delegating_constructors
    Feature record: CXX_FEATURE:1cxx_deleted_functions
    Feature record: CXX_FEATURE:1cxx_digit_separators
    Feature record: CXX_FEATURE:1cxx_enum_forward_declarations
    Feature record: CXX_FEATURE:1cxx_explicit_conversions
    Feature record: CXX_FEATURE:1cxx_extended_friend_declarations
    Feature record: CXX_FEATURE:1cxx_extern_templates
    Feature record: CXX_FEATURE:1cxx_final
    Feature record: CXX_FEATURE:1cxx_func_identifier
    Feature record: CXX_FEATURE:1cxx_generalized_initializers
    Feature record: CXX_FEATURE:1cxx_generic_lambdas
    Feature record: CXX_FEATURE:1cxx_inheriting_constructors
    Feature record: CXX_FEATURE:1cxx_inline_namespaces
    Feature record: CXX_FEATURE:1cxx_lambdas
    Feature record: CXX_FEATURE:1cxx_lambda_init_captures
    Feature record: CXX_FEATURE:1cxx_local_type_template_args
    Feature record: CXX_FEATURE:1cxx_long_long_type
    Feature record: CXX_FEATURE:1cxx_noexcept
    Feature record: CXX_FEATURE:1cxx_nonstatic_member_init
    Feature record: CXX_FEATURE:1cxx_nullptr
    Feature record: CXX_FEATURE:1cxx_override
    Feature record: CXX_FEATURE:1cxx_range_for
    Feature record: CXX_FEATURE:1cxx_raw_string_literals
    Feature record: CXX_FEATURE:1cxx_reference_qualified_functions
    Feature record: CXX_FEATURE:1cxx_relaxed_constexpr
    Feature record: CXX_FEATURE:1cxx_return_type_deduction
    Feature record: CXX_FEATURE:1cxx_right_angle_brackets
    Feature record: CXX_FEATURE:1cxx_rvalue_references
    Feature record: CXX_FEATURE:1cxx_sizeof_member
    Feature record: CXX_FEATURE:1cxx_static_assert
    Feature record: CXX_FEATURE:1cxx_strong_enums
    Feature record: CXX_FEATURE:1cxx_template_template_parameters
    Feature record: CXX_FEATURE:1cxx_thread_local
    Feature record: CXX_FEATURE:1cxx_trailing_return_types
    Feature record: CXX_FEATURE:1cxx_unicode_literals
    Feature record: CXX_FEATURE:1cxx_uniform_initialization
    Feature record: CXX_FEATURE:1cxx_unrestricted_unions
    Feature record: CXX_FEATURE:1cxx_user_literals
    Feature record: CXX_FEATURE:1cxx_variable_templates
    Feature record: CXX_FEATURE:1cxx_variadic_macros
    Feature record: CXX_FEATURE:1cxx_variadic_templates


Detecting CXX [-std=c++11] compiler features compiled with the following output:
Change Dir: /home/quasi/BME_Image_Processing/Homework2/build/CMakeFiles/CMakeTmp

Run Build Command(s):/usr/bin/make cmTC_bcbd4/fast 
/usr/bin/make -f CMakeFiles/cmTC_bcbd4.dir/build.make CMakeFiles/cmTC_bcbd4.dir/build
make[1]: Entering directory '/home/quasi/BME_Image_Processing/Homework2/build/CMakeFiles/CMakeTmp'
Building CXX object CMakeFiles/cmTC_bcbd4.dir/feature_tests.cxx.o
/home/quasi/usr/bin/g++    -std=c++11 -o CMakeFiles/cmTC_bcbd4.dir/feature_tests.cxx.o -c /home/quasi/BME_Image_Processing/Homework2/build/CMakeFiles/feature_tests.cxx
Linking CXX executable cmTC_bcbd4
/usr/local/bin/cmake -E cmake_link_script CMakeFiles/cmTC_bcbd4.dir/link.txt --verbose=1
/home/quasi/usr/bin/g++       CMakeFiles/cmTC_bcbd4.dir/feature_tests.cxx.o  -o cmTC_bcbd4 
make[1]: Leaving directory '/home/quasi/BME_Image_Processing/Homework2/build/CMakeFiles/CMakeTmp'


    Feature record: CXX_FEATURE:0cxx_aggregate_default_initializers
    Feature record: CXX_FEATURE:1cxx_alias_templates
    Feature record: CXX_FEATURE:1cxx_alignas
    Feature record: CXX_FEATURE:1cxx_alignof
    Feature record: CXX_FEATURE:1cxx_attributes
    Feature record: CXX_FEATURE:0cxx_attribute_deprecated
    Feature record: CXX_FEATURE:1cxx_auto_type
    Feature record: CXX_FEATURE:0cxx_binary_literals
    Feature record: CXX_FEATURE:1cxx_constexpr
    Feature record: CXX_FEATURE:0cxx_contextual_conversions
    Feature record: CXX_FEATURE:1cxx_decltype
    Feature record: CXX_FEATURE:0cxx_decltype_auto
    Feature record: CXX_FEATURE:1cxx_decltype_incomplete_return_types
    Feature record: CXX_FEATURE:1cxx_default_function_template_args
    Feature record: CXX_FEATURE:1cxx_defaulted_functions
    Feature record: CXX_FEATURE:1cxx_defaulted_move_initializers
    Feature record: CXX_FEATURE:1cxx_delegating_constructors
    Feature record: CXX_FEATURE:1cxx_deleted_functions
    Feature record: CXX_FEATURE:0cxx_digit_separators
    Feature record: CXX_FEATURE:1cxx_enum_forward_declarations
    Feature record: CXX_FEATURE:1cxx_explicit_conversions
    Feature record: CXX_FEATURE:1cxx_extended_friend_declarations
    Feature record: CXX_FEATURE:1cxx_extern_templates
    Feature record: CXX_FEATURE:1cxx_final
    Feature record: CXX_FEATURE:1cxx_func_identifier
    Feature record: CXX_FEATURE:1cxx_generalized_initializers
    Feature record: CXX_FEATURE:0cxx_generic_lambdas
    Feature record: CXX_FEATURE:1cxx_inheriting_constructors
    Feature record: CXX_FEATURE:1cxx_inline_namespaces
    Feature record: CXX_FEATURE:1cxx_lambdas
    Feature record: CXX_FEATURE:0cxx_lambda_init_captures
    Feature record: CXX_FEATURE:1cxx_local_type_template_args
    Feature record: CXX_FEATURE:1cxx_long_long_type
    Feature record: CXX_FEATURE:1cxx_noexcept
    Feature record: CXX_FEATURE:1cxx_nonstatic_member_init
    Feature record: CXX_FEATURE:1cxx_nullptr
    Feature record: CXX_FEATURE:1cxx_override
    Feature record: CXX_FEATURE:1cxx_range_for
    Feature record: CXX_FEATURE:1cxx_raw_string_literals
    Feature record: CXX_FEATURE:1cxx_reference_qualified_functions
    Feature record: CXX_FEATURE:0cxx_relaxed_constexpr
    Feature record: CXX_FEATURE:0cxx_return_type_deduction
    Feature record: CXX_FEATURE:1cxx_right_angle_brackets
    Feature record: CXX_FEATURE:1cxx_rvalue_references
    Feature record: CXX_FEATURE:1cxx_sizeof_member
    Feature record: CXX_FEATURE:1cxx_static_assert
    Feature record: CXX_FEATURE:1cxx_strong_enums
    Feature record: CXX_FEATURE:1cxx_template_template_parameters
    Feature record: CXX_FEATURE:1cxx_thread_local
    Feature record: CXX_FEATURE:1cxx_trailing_return_types
    Feature record: CXX_FEATURE:1cxx_unicode_literals
    Feature record: CXX_FEATURE:1cxx_uniform_initialization
    Feature record: CXX_FEATURE:1cxx_unrestricted_unions
    Feature record: CXX_FEATURE:1cxx_user_literals
    Feature record: CXX_FEATURE:0cxx_variable_templates
    Feature record: CXX_FEATURE:1cxx_variadic_macros
    Feature record: CXX_FEATURE:1cxx_variadic_templates


Detecting CXX [-std=c++98] compiler features compiled with the following output:
Change Dir: /home/quasi/BME_Image_Processing/Homework2/build/CMakeFiles/CMakeTmp

Run Build Command(s):/usr/bin/make cmTC_2ba23/fast 
/usr/bin/make -f CMakeFiles/cmTC_2ba23.dir/build.make CMakeFiles/cmTC_2ba23.dir/build
make[1]: Entering directory '/home/quasi/BME_Image_Processing/Homework2/build/CMakeFiles/CMakeTmp'
Building CXX object CMakeFiles/cmTC_2ba23.dir/feature_tests.cxx.o
/home/quasi/usr/bin/g++    -std=c++98 -o CMakeFiles/cmTC_2ba23.dir/feature_tests.cxx.o -c /home/quasi/BME_Image_Processing/Homework2/build/CMakeFiles/feature_tests.cxx
Linking CXX executable cmTC_2ba23
/usr/local/bin/cmake -E cmake_link_script CMakeFiles/cmTC_2ba23.dir/link.txt --verbose=1
/home/quasi/usr/bin/g++       CMakeFiles/cmTC_2ba23.dir/feature_tests.cxx.o  -o cmTC_2ba23 
make[1]: Leaving directory '/home/quasi/BME_Image_Processing/Homework2/build/CMakeFiles/CMakeTmp'


    Feature record: CXX_FEATURE:0cxx_aggregate_default_initializers
    Feature record: CXX_FEATURE:0cxx_alias_templates
    Feature record: CXX_FEATURE:0cxx_alignas
    Feature record: CXX_FEATURE:0cxx_alignof
    Feature record: CXX_FEATURE:0cxx_attributes
    Feature record: CXX_FEATURE:0cxx_attribute_deprecated
    Feature record: CXX_FEATURE:0cxx_auto_type
    Feature record: CXX_FEATURE:0cxx_binary_literals
    Feature record: CXX_FEATURE:0cxx_constexpr
    Feature record: CXX_FEATURE:0cxx_contextual_conversions
    Feature record: CXX_FEATURE:0cxx_decltype
    Feature record: CXX_FEATURE:0cxx_decltype_auto
    Feature record: CXX_FEATURE:0cxx_decltype_incomplete_return_types
    Feature record: CXX_FEATURE:0cxx_default_function_template_args
    Feature record: CXX_FEATURE:0cxx_defaulted_functions
    Feature record: CXX_FEATURE:0cxx_defaulted_move_initializers
    Feature record: CXX_FEATURE:0cxx_delegating_constructors
    Feature record: CXX_FEATURE:0cxx_deleted_functions
    Feature record: CXX_FEATURE:0cxx_digit_separators
    Feature record: CXX_FEATURE:0cxx_enum_forward_declarations
    Feature record: CXX_FEATURE:0cxx_explicit_conversions
    Feature record: CXX_FEATURE:0cxx_extended_friend_declarations
    Feature record: CXX_FEATURE:0cxx_extern_templates
    Feature record: CXX_FEATURE:0cxx_final
    Feature record: CXX_FEATURE:0cxx_func_identifier
    Feature record: CXX_FEATURE:0cxx_generalized_initializers
    Feature record: CXX_FEATURE:0cxx_generic_lambdas
    Feature record: CXX_FEATURE:0cxx_inheriting_constructors
    Feature record: CXX_FEATURE:0cxx_inline_namespaces
    Feature record: CXX_FEATURE:0cxx_lambdas
    Feature record: CXX_FEATURE:0cxx_lambda_init_captures
    Feature record: CXX_FEATURE:0cxx_local_type_template_args
    Feature record: CXX_FEATURE:0cxx_long_long_type
    Feature record: CXX_FEATURE:0cxx_noexcept
    Feature record: CXX_FEATURE:0cxx_nonstatic_member_init
    Feature record: CXX_FEATURE:0cxx_nullptr
    Feature record: CXX_FEATURE:0cxx_override
    Feature record: CXX_FEATURE:0cxx_range_for
    Feature record: CXX_FEATURE:0cxx_raw_string_literals
    Feature record: CXX_FEATURE:0cxx_reference_qualified_functions
    Feature record: CXX_FEATURE:0cxx_relaxed_constexpr
    Feature record: CXX_FEATURE:0cxx_return_type_deduction
    Feature record: CXX_FEATURE:0cxx_right_angle_brackets
    Feature record: CXX_FEATURE:0cxx_rvalue_references
    Feature record: CXX_FEATURE:0cxx_sizeof_member
    Feature record: CXX_FEATURE:0cxx_static_assert
    Feature record: CXX_FEATURE:0cxx_strong_enums
    Feature record: CXX_FEATURE:1cxx_template_template_parameters
    Feature record: CXX_FEATURE:0cxx_thread_local
    Feature record: CXX_FEATURE:0cxx_trailing_return_types
    Feature record: CXX_FEATURE:0cxx_unicode_literals
    Feature record: CXX_FEATURE:0cxx_uniform_initialization
    Feature record: CXX_FEATURE:0cxx_unrestricted_unions
    Feature record: CXX_FEATURE:0cxx_user_literals
    Feature record: CXX_FEATURE:0cxx_variable_templates
    Feature record: CXX_FEATURE:0cxx_variadic_macros
    Feature record: CXX_FEATURE:0cxx_variadic_templates
